<?xml version="1.0" encoding="UTF-8"?>
<testsuite xmlns:xsi="http://www.w3.org/2001/XMLSchema-instance" xsi:noNamespaceSchemaLocation="https://maven.apache.org/surefire/maven-surefire-plugin/xsd/surefire-test-report.xsd" name="Scenario: Check Budget Margin slider Color from Set Margin Threshold and validate in Estimate" time="454.987" tests="95" errors="1" skipped="0" failures="2">
  <properties>
    <property name="sun.desktop" value="windows"/>
    <property name="awt.toolkit" value="sun.awt.windows.WToolkit"/>
    <property name="file.encoding.pkg" value="sun.io"/>
    <property name="java.specification.version" value="1.8"/>
    <property name="sun.cpu.isalist" value="amd64"/>
    <property name="sun.jnu.encoding" value="Cp1252"/>
    <property name="java.class.path" value="D:\New_Vision\Vision\target\test-classes;D:\New_Vision\Vision\target\classes;C:\Users\akhanduri\.m2\repository\org\seleniumhq\selenium\selenium-java\3.12.0\selenium-java-3.12.0.jar;C:\Users\akhanduri\.m2\repository\org\seleniumhq\selenium\selenium-api\3.12.0\selenium-api-3.12.0.jar;C:\Users\akhanduri\.m2\repository\org\seleniumhq\selenium\selenium-chrome-driver\3.12.0\selenium-chrome-driver-3.12.0.jar;C:\Users\akhanduri\.m2\repository\org\seleniumhq\selenium\selenium-edge-driver\3.12.0\selenium-edge-driver-3.12.0.jar;C:\Users\akhanduri\.m2\repository\org\seleniumhq\selenium\selenium-firefox-driver\3.12.0\selenium-firefox-driver-3.12.0.jar;C:\Users\akhanduri\.m2\repository\org\seleniumhq\selenium\selenium-ie-driver\3.12.0\selenium-ie-driver-3.12.0.jar;C:\Users\akhanduri\.m2\repository\org\seleniumhq\selenium\selenium-opera-driver\3.12.0\selenium-opera-driver-3.12.0.jar;C:\Users\akhanduri\.m2\repository\org\seleniumhq\selenium\selenium-remote-driver\3.12.0\selenium-remote-driver-3.12.0.jar;C:\Users\akhanduri\.m2\repository\org\seleniumhq\selenium\selenium-safari-driver\3.12.0\selenium-safari-driver-3.12.0.jar;C:\Users\akhanduri\.m2\repository\org\seleniumhq\selenium\selenium-support\3.12.0\selenium-support-3.12.0.jar;C:\Users\akhanduri\.m2\repository\net\bytebuddy\byte-buddy\1.8.3\byte-buddy-1.8.3.jar;C:\Users\akhanduri\.m2\repository\org\apache\commons\commons-exec\1.3\commons-exec-1.3.jar;C:\Users\akhanduri\.m2\repository\commons-codec\commons-codec\1.10\commons-codec-1.10.jar;C:\Users\akhanduri\.m2\repository\commons-logging\commons-logging\1.2\commons-logging-1.2.jar;C:\Users\akhanduri\.m2\repository\com\google\code\gson\gson\2.8.2\gson-2.8.2.jar;C:\Users\akhanduri\.m2\repository\com\google\guava\guava\23.6-jre\guava-23.6-jre.jar;C:\Users\akhanduri\.m2\repository\com\google\code\findbugs\jsr305\1.3.9\jsr305-1.3.9.jar;C:\Users\akhanduri\.m2\repository\org\checkerframework\checker-compat-qual\2.0.0\checker-compat-qual-2.0.0.jar;C:\Users\akhanduri\.m2\repository\com\google\errorprone\error_prone_annotations\2.1.3\error_prone_annotations-2.1.3.jar;C:\Users\akhanduri\.m2\repository\com\google\j2objc\j2objc-annotations\1.1\j2objc-annotations-1.1.jar;C:\Users\akhanduri\.m2\repository\org\codehaus\mojo\animal-sniffer-annotations\1.14\animal-sniffer-annotations-1.14.jar;C:\Users\akhanduri\.m2\repository\org\apache\httpcomponents\httpclient\4.5.3\httpclient-4.5.3.jar;C:\Users\akhanduri\.m2\repository\org\apache\httpcomponents\httpcore\4.4.6\httpcore-4.4.6.jar;C:\Users\akhanduri\.m2\repository\com\squareup\okhttp3\okhttp\3.9.1\okhttp-3.9.1.jar;C:\Users\akhanduri\.m2\repository\com\squareup\okio\okio\1.13.0\okio-1.13.0.jar;C:\Users\akhanduri\.m2\repository\dom4j\dom4j\1.6.1\dom4j-1.6.1.jar;C:\Users\akhanduri\.m2\repository\xml-apis\xml-apis\1.4.01\xml-apis-1.4.01.jar;C:\Users\akhanduri\.m2\repository\jaxen\jaxen\1.1.6\jaxen-1.1.6.jar;C:\Users\akhanduri\.m2\repository\com\microsoft\sqlserver\mssql-jdbc\6.1.0.jre8\mssql-jdbc-6.1.0.jre8.jar;C:\Users\akhanduri\.m2\repository\com\microsoft\azure\azure-keyvault\0.9.3\azure-keyvault-0.9.3.jar;C:\Users\akhanduri\.m2\repository\com\microsoft\azure\azure-core\0.9.3\azure-core-0.9.3.jar;C:\Users\akhanduri\.m2\repository\commons-lang\commons-lang\2.6\commons-lang-2.6.jar;C:\Users\akhanduri\.m2\repository\javax\mail\mail\1.4.5\mail-1.4.5.jar;C:\Users\akhanduri\.m2\repository\javax\activation\activation\1.1\activation-1.1.jar;C:\Users\akhanduri\.m2\repository\com\sun\jersey\jersey-client\1.13\jersey-client-1.13.jar;C:\Users\akhanduri\.m2\repository\com\sun\jersey\jersey-core\1.13\jersey-core-1.13.jar;C:\Users\akhanduri\.m2\repository\com\sun\jersey\jersey-json\1.13\jersey-json-1.13.jar;C:\Users\akhanduri\.m2\repository\org\codehaus\jettison\jettison\1.1\jettison-1.1.jar;C:\Users\akhanduri\.m2\repository\stax\stax-api\1.0.1\stax-api-1.0.1.jar;C:\Users\akhanduri\.m2\repository\com\sun\xml\bind\jaxb-impl\2.2.3-1\jaxb-impl-2.2.3-1.jar;C:\Users\akhanduri\.m2\repository\javax\xml\bind\jaxb-api\2.2.2\jaxb-api-2.2.2.jar;C:\Users\akhanduri\.m2\repository\javax\xml\stream\stax-api\1.0-2\stax-api-1.0-2.jar;C:\Users\akhanduri\.m2\repository\org\codehaus\jackson\jackson-core-asl\1.9.2\jackson-core-asl-1.9.2.jar;C:\Users\akhanduri\.m2\repository\org\codehaus\jackson\jackson-mapper-asl\1.9.2\jackson-mapper-asl-1.9.2.jar;C:\Users\akhanduri\.m2\repository\org\codehaus\jackson\jackson-jaxrs\1.9.2\jackson-jaxrs-1.9.2.jar;C:\Users\akhanduri\.m2\repository\org\codehaus\jackson\jackson-xc\1.9.2\jackson-xc-1.9.2.jar;C:\Users\akhanduri\.m2\repository\javax\inject\javax.inject\1\javax.inject-1.jar;C:\Users\akhanduri\.m2\repository\com\microsoft\azure\adal4j\1.0.0\adal4j-1.0.0.jar;C:\Users\akhanduri\.m2\repository\com\nimbusds\oauth2-oidc-sdk\4.5\oauth2-oidc-sdk-4.5.jar;C:\Users\akhanduri\.m2\repository\net\jcip\jcip-annotations\1.0\jcip-annotations-1.0.jar;C:\Users\akhanduri\.m2\repository\net\minidev\json-smart\1.1.1\json-smart-1.1.1.jar;C:\Users\akhanduri\.m2\repository\com\nimbusds\lang-tag\1.4\lang-tag-1.4.jar;C:\Users\akhanduri\.m2\repository\com\nimbusds\nimbus-jose-jwt\3.1.2\nimbus-jose-jwt-3.1.2.jar;C:\Users\akhanduri\.m2\repository\org\bouncycastle\bcprov-jdk15on\1.51\bcprov-jdk15on-1.51.jar;C:\Users\akhanduri\.m2\repository\junit\junit\4.11\junit-4.11.jar;C:\Users\akhanduri\.m2\repository\org\hamcrest\hamcrest-core\1.3\hamcrest-core-1.3.jar;C:\Users\akhanduri\.m2\repository\io\github\bonigarcia\webdrivermanager\2.2.1\webdrivermanager-2.2.1.jar;C:\Users\akhanduri\.m2\repository\org\slf4j\slf4j-api\1.7.24\slf4j-api-1.7.24.jar;C:\Users\akhanduri\.m2\repository\org\rauschig\jarchivelib\0.7.1\jarchivelib-0.7.1.jar;C:\Users\akhanduri\.m2\repository\org\apache\commons\commons-compress\1.9\commons-compress-1.9.jar;C:\Users\akhanduri\.m2\repository\org\jsoup\jsoup\1.10.2\jsoup-1.10.2.jar;C:\Users\akhanduri\.m2\repository\ch\qos\logback\logback-classic\1.2.3\logback-classic-1.2.3.jar;C:\Users\akhanduri\.m2\repository\ch\qos\logback\logback-core\1.2.3\logback-core-1.2.3.jar;C:\Users\akhanduri\.m2\repository\commons-io\commons-io\2.5\commons-io-2.5.jar;C:\Users\akhanduri\.m2\repository\com\vimalselvam\cucumber-extentsreport\3.0.2\cucumber-extentsreport-3.0.2.jar;C:\Users\akhanduri\.m2\repository\com\aventstack\extentreports\3.1.5\extentreports-3.1.5.jar;C:\Users\akhanduri\.m2\repository\org\freemarker\freemarker\2.3.23\freemarker-2.3.23.jar;C:\Users\akhanduri\.m2\repository\org\mongodb\mongodb-driver\3.3.0\mongodb-driver-3.3.0.jar;C:\Users\akhanduri\.m2\repository\org\mongodb\bson\3.3.0\bson-3.3.0.jar;C:\Users\akhanduri\.m2\repository\org\mongodb\mongodb-driver-core\3.3.0\mongodb-driver-core-3.3.0.jar;C:\Users\akhanduri\.m2\repository\org\apache\httpcomponents\httpmime\4.5.2\httpmime-4.5.2.jar;C:\Users\akhanduri\.m2\repository\org\apache\commons\commons-lang3\3.4\commons-lang3-3.4.jar;C:\Users\akhanduri\.m2\repository\org\springframework\spring-context\4.0.2.RELEASE\spring-context-4.0.2.RELEASE.jar;C:\Users\akhanduri\.m2\repository\org\springframework\spring-aop\4.0.2.RELEASE\spring-aop-4.0.2.RELEASE.jar;C:\Users\akhanduri\.m2\repository\aopalliance\aopalliance\1.0\aopalliance-1.0.jar;C:\Users\akhanduri\.m2\repository\org\springframework\spring-beans\4.0.2.RELEASE\spring-beans-4.0.2.RELEASE.jar;C:\Users\akhanduri\.m2\repository\org\springframework\spring-core\4.0.2.RELEASE\spring-core-4.0.2.RELEASE.jar;C:\Users\akhanduri\.m2\repository\org\springframework\spring-expression\4.0.2.RELEASE\spring-expression-4.0.2.RELEASE.jar;C:\Users\akhanduri\.m2\repository\org\springframework\spring-test\4.0.2.RELEASE\spring-test-4.0.2.RELEASE.jar;C:\Users\akhanduri\.m2\repository\com\github\slaout\fork\info\cukes\cucumber-core\1.2.4-SNAPSHOT\cucumber-core-1.2.4-SNAPSHOT.jar;C:\Users\akhanduri\.m2\repository\info\cukes\cucumber-html\0.2.3\cucumber-html-0.2.3.jar;C:\Users\akhanduri\.m2\repository\info\cukes\cucumber-jvm-deps\1.0.5\cucumber-jvm-deps-1.0.5.jar;C:\Users\akhanduri\.m2\repository\info\cukes\gherkin\2.12.2\gherkin-2.12.2.jar;C:\Users\akhanduri\.m2\repository\com\github\slaout\fork\info\cukes\cucumber-java\1.2.4-SNAPSHOT\cucumber-java-1.2.4-SNAPSHOT.jar;C:\Users\akhanduri\.m2\repository\com\github\slaout\fork\info\cukes\cucumber-junit\1.2.4-SNAPSHOT\cucumber-junit-1.2.4-SNAPSHOT.jar;C:\Users\akhanduri\.m2\repository\com\github\slaout\fork\info\cukes\cucumber-spring\1.2.4-SNAPSHOT\cucumber-spring-1.2.4-SNAPSHOT.jar;C:\Users\akhanduri\.m2\repository\info\cukes\cucumber-testng\1.2.5\cucumber-testng-1.2.5.jar;C:\Users\akhanduri\.m2\repository\info\cukes\cucumber-core\1.2.5\cucumber-core-1.2.5.jar;C:\Users\akhanduri\.m2\repository\org\testng\testng\6.9.10\testng-6.9.10.jar;C:\Users\akhanduri\.m2\repository\com\beust\jcommander\1.48\jcommander-1.48.jar;C:\Users\akhanduri\.m2\repository\org\beanshell\bsh\2.0b4\bsh-2.0b4.jar;C:\Users\akhanduri\.m2\repository\org\apache\maven\surefire\surefire-testng-utils\2.22.0\surefire-testng-utils-2.22.0.jar;C:\Users\akhanduri\.m2\repository\org\apache\maven\surefire\surefire-grouper\2.22.0\surefire-grouper-2.22.0.jar;"/>
    <property name="java.vm.vendor" value="Oracle Corporation"/>
    <property name="sun.arch.data.model" value="64"/>
    <property name="user.variant" value=""/>
    <property name="java.vendor.url" value="http://java.oracle.com/"/>
    <property name="user.timezone" value="Asia/Calcutta"/>
    <property name="java.vm.specification.version" value="1.8"/>
    <property name="os.name" value="Windows 10"/>
    <property name="user.country" value="US"/>
    <property name="sun.java.launcher" value="SUN_STANDARD"/>
    <property name="sun.boot.library.path" value="C:\Program Files\Java\jdk1.8.0_91\jre\bin"/>
    <property name="sun.java.command" value="C:\Users\AKHAND~1\AppData\Local\Temp\surefire1836607231249264754\surefirebooter877400654884423614.jar C:\Users\akhanduri\AppData\Local\Temp\surefire1836607231249264754 2018-07-30T17-29-34_268-jvmRun1 surefire1096255040662443525tmp surefire_04994081347779898610tmp"/>
    <property name="test" value="com.Vision.runnerClass.RunnerClass"/>
    <property name="surefire.test.class.path" value="D:\New_Vision\Vision\target\test-classes;D:\New_Vision\Vision\target\classes;C:\Users\akhanduri\.m2\repository\org\seleniumhq\selenium\selenium-java\3.12.0\selenium-java-3.12.0.jar;C:\Users\akhanduri\.m2\repository\org\seleniumhq\selenium\selenium-api\3.12.0\selenium-api-3.12.0.jar;C:\Users\akhanduri\.m2\repository\org\seleniumhq\selenium\selenium-chrome-driver\3.12.0\selenium-chrome-driver-3.12.0.jar;C:\Users\akhanduri\.m2\repository\org\seleniumhq\selenium\selenium-edge-driver\3.12.0\selenium-edge-driver-3.12.0.jar;C:\Users\akhanduri\.m2\repository\org\seleniumhq\selenium\selenium-firefox-driver\3.12.0\selenium-firefox-driver-3.12.0.jar;C:\Users\akhanduri\.m2\repository\org\seleniumhq\selenium\selenium-ie-driver\3.12.0\selenium-ie-driver-3.12.0.jar;C:\Users\akhanduri\.m2\repository\org\seleniumhq\selenium\selenium-opera-driver\3.12.0\selenium-opera-driver-3.12.0.jar;C:\Users\akhanduri\.m2\repository\org\seleniumhq\selenium\selenium-remote-driver\3.12.0\selenium-remote-driver-3.12.0.jar;C:\Users\akhanduri\.m2\repository\org\seleniumhq\selenium\selenium-safari-driver\3.12.0\selenium-safari-driver-3.12.0.jar;C:\Users\akhanduri\.m2\repository\org\seleniumhq\selenium\selenium-support\3.12.0\selenium-support-3.12.0.jar;C:\Users\akhanduri\.m2\repository\net\bytebuddy\byte-buddy\1.8.3\byte-buddy-1.8.3.jar;C:\Users\akhanduri\.m2\repository\org\apache\commons\commons-exec\1.3\commons-exec-1.3.jar;C:\Users\akhanduri\.m2\repository\commons-codec\commons-codec\1.10\commons-codec-1.10.jar;C:\Users\akhanduri\.m2\repository\commons-logging\commons-logging\1.2\commons-logging-1.2.jar;C:\Users\akhanduri\.m2\repository\com\google\code\gson\gson\2.8.2\gson-2.8.2.jar;C:\Users\akhanduri\.m2\repository\com\google\guava\guava\23.6-jre\guava-23.6-jre.jar;C:\Users\akhanduri\.m2\repository\com\google\code\findbugs\jsr305\1.3.9\jsr305-1.3.9.jar;C:\Users\akhanduri\.m2\repository\org\checkerframework\checker-compat-qual\2.0.0\checker-compat-qual-2.0.0.jar;C:\Users\akhanduri\.m2\repository\com\google\errorprone\error_prone_annotations\2.1.3\error_prone_annotations-2.1.3.jar;C:\Users\akhanduri\.m2\repository\com\google\j2objc\j2objc-annotations\1.1\j2objc-annotations-1.1.jar;C:\Users\akhanduri\.m2\repository\org\codehaus\mojo\animal-sniffer-annotations\1.14\animal-sniffer-annotations-1.14.jar;C:\Users\akhanduri\.m2\repository\org\apache\httpcomponents\httpclient\4.5.3\httpclient-4.5.3.jar;C:\Users\akhanduri\.m2\repository\org\apache\httpcomponents\httpcore\4.4.6\httpcore-4.4.6.jar;C:\Users\akhanduri\.m2\repository\com\squareup\okhttp3\okhttp\3.9.1\okhttp-3.9.1.jar;C:\Users\akhanduri\.m2\repository\com\squareup\okio\okio\1.13.0\okio-1.13.0.jar;C:\Users\akhanduri\.m2\repository\dom4j\dom4j\1.6.1\dom4j-1.6.1.jar;C:\Users\akhanduri\.m2\repository\xml-apis\xml-apis\1.4.01\xml-apis-1.4.01.jar;C:\Users\akhanduri\.m2\repository\jaxen\jaxen\1.1.6\jaxen-1.1.6.jar;C:\Users\akhanduri\.m2\repository\com\microsoft\sqlserver\mssql-jdbc\6.1.0.jre8\mssql-jdbc-6.1.0.jre8.jar;C:\Users\akhanduri\.m2\repository\com\microsoft\azure\azure-keyvault\0.9.3\azure-keyvault-0.9.3.jar;C:\Users\akhanduri\.m2\repository\com\microsoft\azure\azure-core\0.9.3\azure-core-0.9.3.jar;C:\Users\akhanduri\.m2\repository\commons-lang\commons-lang\2.6\commons-lang-2.6.jar;C:\Users\akhanduri\.m2\repository\javax\mail\mail\1.4.5\mail-1.4.5.jar;C:\Users\akhanduri\.m2\repository\javax\activation\activation\1.1\activation-1.1.jar;C:\Users\akhanduri\.m2\repository\com\sun\jersey\jersey-client\1.13\jersey-client-1.13.jar;C:\Users\akhanduri\.m2\repository\com\sun\jersey\jersey-core\1.13\jersey-core-1.13.jar;C:\Users\akhanduri\.m2\repository\com\sun\jersey\jersey-json\1.13\jersey-json-1.13.jar;C:\Users\akhanduri\.m2\repository\org\codehaus\jettison\jettison\1.1\jettison-1.1.jar;C:\Users\akhanduri\.m2\repository\stax\stax-api\1.0.1\stax-api-1.0.1.jar;C:\Users\akhanduri\.m2\repository\com\sun\xml\bind\jaxb-impl\2.2.3-1\jaxb-impl-2.2.3-1.jar;C:\Users\akhanduri\.m2\repository\javax\xml\bind\jaxb-api\2.2.2\jaxb-api-2.2.2.jar;C:\Users\akhanduri\.m2\repository\javax\xml\stream\stax-api\1.0-2\stax-api-1.0-2.jar;C:\Users\akhanduri\.m2\repository\org\codehaus\jackson\jackson-core-asl\1.9.2\jackson-core-asl-1.9.2.jar;C:\Users\akhanduri\.m2\repository\org\codehaus\jackson\jackson-mapper-asl\1.9.2\jackson-mapper-asl-1.9.2.jar;C:\Users\akhanduri\.m2\repository\org\codehaus\jackson\jackson-jaxrs\1.9.2\jackson-jaxrs-1.9.2.jar;C:\Users\akhanduri\.m2\repository\org\codehaus\jackson\jackson-xc\1.9.2\jackson-xc-1.9.2.jar;C:\Users\akhanduri\.m2\repository\javax\inject\javax.inject\1\javax.inject-1.jar;C:\Users\akhanduri\.m2\repository\com\microsoft\azure\adal4j\1.0.0\adal4j-1.0.0.jar;C:\Users\akhanduri\.m2\repository\com\nimbusds\oauth2-oidc-sdk\4.5\oauth2-oidc-sdk-4.5.jar;C:\Users\akhanduri\.m2\repository\net\jcip\jcip-annotations\1.0\jcip-annotations-1.0.jar;C:\Users\akhanduri\.m2\repository\net\minidev\json-smart\1.1.1\json-smart-1.1.1.jar;C:\Users\akhanduri\.m2\repository\com\nimbusds\lang-tag\1.4\lang-tag-1.4.jar;C:\Users\akhanduri\.m2\repository\com\nimbusds\nimbus-jose-jwt\3.1.2\nimbus-jose-jwt-3.1.2.jar;C:\Users\akhanduri\.m2\repository\org\bouncycastle\bcprov-jdk15on\1.51\bcprov-jdk15on-1.51.jar;C:\Users\akhanduri\.m2\repository\junit\junit\4.11\junit-4.11.jar;C:\Users\akhanduri\.m2\repository\org\hamcrest\hamcrest-core\1.3\hamcrest-core-1.3.jar;C:\Users\akhanduri\.m2\repository\io\github\bonigarcia\webdrivermanager\2.2.1\webdrivermanager-2.2.1.jar;C:\Users\akhanduri\.m2\repository\org\slf4j\slf4j-api\1.7.24\slf4j-api-1.7.24.jar;C:\Users\akhanduri\.m2\repository\org\rauschig\jarchivelib\0.7.1\jarchivelib-0.7.1.jar;C:\Users\akhanduri\.m2\repository\org\apache\commons\commons-compress\1.9\commons-compress-1.9.jar;C:\Users\akhanduri\.m2\repository\org\jsoup\jsoup\1.10.2\jsoup-1.10.2.jar;C:\Users\akhanduri\.m2\repository\ch\qos\logback\logback-classic\1.2.3\logback-classic-1.2.3.jar;C:\Users\akhanduri\.m2\repository\ch\qos\logback\logback-core\1.2.3\logback-core-1.2.3.jar;C:\Users\akhanduri\.m2\repository\commons-io\commons-io\2.5\commons-io-2.5.jar;C:\Users\akhanduri\.m2\repository\com\vimalselvam\cucumber-extentsreport\3.0.2\cucumber-extentsreport-3.0.2.jar;C:\Users\akhanduri\.m2\repository\com\aventstack\extentreports\3.1.5\extentreports-3.1.5.jar;C:\Users\akhanduri\.m2\repository\org\freemarker\freemarker\2.3.23\freemarker-2.3.23.jar;C:\Users\akhanduri\.m2\repository\org\mongodb\mongodb-driver\3.3.0\mongodb-driver-3.3.0.jar;C:\Users\akhanduri\.m2\repository\org\mongodb\bson\3.3.0\bson-3.3.0.jar;C:\Users\akhanduri\.m2\repository\org\mongodb\mongodb-driver-core\3.3.0\mongodb-driver-core-3.3.0.jar;C:\Users\akhanduri\.m2\repository\org\apache\httpcomponents\httpmime\4.5.2\httpmime-4.5.2.jar;C:\Users\akhanduri\.m2\repository\org\apache\commons\commons-lang3\3.4\commons-lang3-3.4.jar;C:\Users\akhanduri\.m2\repository\org\springframework\spring-context\4.0.2.RELEASE\spring-context-4.0.2.RELEASE.jar;C:\Users\akhanduri\.m2\repository\org\springframework\spring-aop\4.0.2.RELEASE\spring-aop-4.0.2.RELEASE.jar;C:\Users\akhanduri\.m2\repository\aopalliance\aopalliance\1.0\aopalliance-1.0.jar;C:\Users\akhanduri\.m2\repository\org\springframework\spring-beans\4.0.2.RELEASE\spring-beans-4.0.2.RELEASE.jar;C:\Users\akhanduri\.m2\repository\org\springframework\spring-core\4.0.2.RELEASE\spring-core-4.0.2.RELEASE.jar;C:\Users\akhanduri\.m2\repository\org\springframework\spring-expression\4.0.2.RELEASE\spring-expression-4.0.2.RELEASE.jar;C:\Users\akhanduri\.m2\repository\org\springframework\spring-test\4.0.2.RELEASE\spring-test-4.0.2.RELEASE.jar;C:\Users\akhanduri\.m2\repository\com\github\slaout\fork\info\cukes\cucumber-core\1.2.4-SNAPSHOT\cucumber-core-1.2.4-SNAPSHOT.jar;C:\Users\akhanduri\.m2\repository\info\cukes\cucumber-html\0.2.3\cucumber-html-0.2.3.jar;C:\Users\akhanduri\.m2\repository\info\cukes\cucumber-jvm-deps\1.0.5\cucumber-jvm-deps-1.0.5.jar;C:\Users\akhanduri\.m2\repository\info\cukes\gherkin\2.12.2\gherkin-2.12.2.jar;C:\Users\akhanduri\.m2\repository\com\github\slaout\fork\info\cukes\cucumber-java\1.2.4-SNAPSHOT\cucumber-java-1.2.4-SNAPSHOT.jar;C:\Users\akhanduri\.m2\repository\com\github\slaout\fork\info\cukes\cucumber-junit\1.2.4-SNAPSHOT\cucumber-junit-1.2.4-SNAPSHOT.jar;C:\Users\akhanduri\.m2\repository\com\github\slaout\fork\info\cukes\cucumber-spring\1.2.4-SNAPSHOT\cucumber-spring-1.2.4-SNAPSHOT.jar;C:\Users\akhanduri\.m2\repository\info\cukes\cucumber-testng\1.2.5\cucumber-testng-1.2.5.jar;C:\Users\akhanduri\.m2\repository\info\cukes\cucumber-core\1.2.5\cucumber-core-1.2.5.jar;C:\Users\akhanduri\.m2\repository\org\testng\testng\6.9.10\testng-6.9.10.jar;C:\Users\akhanduri\.m2\repository\com\beust\jcommander\1.48\jcommander-1.48.jar;C:\Users\akhanduri\.m2\repository\org\beanshell\bsh\2.0b4\bsh-2.0b4.jar;C:\Users\akhanduri\.m2\repository\org\apache\maven\surefire\surefire-testng-utils\2.22.0\surefire-testng-utils-2.22.0.jar;C:\Users\akhanduri\.m2\repository\org\apache\maven\surefire\surefire-grouper\2.22.0\surefire-grouper-2.22.0.jar;"/>
    <property name="sun.cpu.endian" value="little"/>
    <property name="user.home" value="C:\Users\akhanduri"/>
    <property name="user.language" value="en"/>
    <property name="java.specification.vendor" value="Oracle Corporation"/>
    <property name="java.home" value="C:\Program Files\Java\jdk1.8.0_91\jre"/>
    <property name="basedir" value="D:\New_Vision\Vision"/>
    <property name="file.separator" value="\"/>
    <property name="line.separator" value="&#10;"/>
    <property name="java.vm.specification.vendor" value="Oracle Corporation"/>
    <property name="java.specification.name" value="Java Platform API Specification"/>
    <property name="java.awt.graphicsenv" value="sun.awt.Win32GraphicsEnvironment"/>
    <property name="surefire.real.class.path" value="C:\Users\AKHAND~1\AppData\Local\Temp\surefire1836607231249264754\surefirebooter877400654884423614.jar"/>
    <property name="sun.boot.class.path" value="C:\Program Files\Java\jdk1.8.0_91\jre\lib\resources.jar;C:\Program Files\Java\jdk1.8.0_91\jre\lib\rt.jar;C:\Program Files\Java\jdk1.8.0_91\jre\lib\sunrsasign.jar;C:\Program Files\Java\jdk1.8.0_91\jre\lib\jsse.jar;C:\Program Files\Java\jdk1.8.0_91\jre\lib\jce.jar;C:\Program Files\Java\jdk1.8.0_91\jre\lib\charsets.jar;C:\Program Files\Java\jdk1.8.0_91\jre\lib\jfr.jar;C:\Program Files\Java\jdk1.8.0_91\jre\classes"/>
    <property name="user.script" value=""/>
    <property name="sun.management.compiler" value="HotSpot 64-Bit Tiered Compilers"/>
    <property name="java.runtime.version" value="1.8.0_91-b15"/>
    <property name="user.name" value="akhanduri"/>
    <property name="path.separator" value=";"/>
    <property name="os.version" value="10.0"/>
    <property name="java.endorsed.dirs" value="C:\Program Files\Java\jdk1.8.0_91\jre\lib\endorsed"/>
    <property name="java.runtime.name" value="Java(TM) SE Runtime Environment"/>
    <property name="file.encoding" value="Cp1252"/>
    <property name="java.vm.name" value="Java HotSpot(TM) 64-Bit Server VM"/>
    <property name="localRepository" value="C:\Users\akhanduri\.m2\repository"/>
    <property name="java.vendor.url.bug" value="http://bugreport.sun.com/bugreport/"/>
    <property name="java.io.tmpdir" value="C:\Users\AKHAND~1\AppData\Local\Temp\"/>
    <property name="java.version" value="1.8.0_91"/>
    <property name="user.dir" value="D:\New_Vision\Vision"/>
    <property name="os.arch" value="amd64"/>
    <property name="java.vm.specification.name" value="Java Virtual Machine Specification"/>
    <property name="java.awt.printerjob" value="sun.awt.windows.WPrinterJob"/>
    <property name="sun.os.patch.level" value=""/>
    <property name="java.library.path" value="C:\Program Files\Java\jdk1.8.0_91\jre\bin;C:\WINDOWS\Sun\Java\bin;C:\WINDOWS\system32;C:\WINDOWS;C:\ProgramData\Oracle\Java\javapath;C:\WINDOWS\system32;C:\WINDOWS;C:\WINDOWS\System32\Wbem;C:\WINDOWS\System32\WindowsPowerShell\v1.0\;C:\Program Files\Microsoft SQL Server\110\Tools\Binn\;C:\Program Files (x86)\Microsoft SQL Server\110\Tools\Binn\;C:\Program Files\Microsoft SQL Server\110\DTS\Binn\;C:\Program Files (x86)\Microsoft SQL Server\110\Tools\Binn\ManagementStudio\;C:\Program Files (x86)\Microsoft Visual Studio 10.0\Common7\IDE\PrivateAssemblies\;C:\Program Files (x86)\Microsoft SQL Server\110\DTS\Binn\;C:\Program Files\Java\jdk1.8.0_91\bin\;C:\apache-maven-3.3.9\bin;C:\apache-maven-3.3.9\bin;C:\Program Files\Java\jdk1.8.0_91\bin;D:\Sele\apache-ant-1.9.7-bin\apache-ant-1.9.7\bin;C:\Program Files\Microsoft SQL Server\130\Tools\Binn\;C:\Program Files (x86)\Sikuli X;C:\Program Files\Microsoft SQL Server\120\Tools\Binn\;C:\Program Files\Git\cmd;C:\Program Files (x86)\nodejs\;C:\Program Files (x86)\Windows Kits\10\Windows Performance Toolkit\;C:\apache-ant-1.9.7\bin;C:\Program Files\MySQL\MySQL Server 5.1\bin;C:\Program Files\Microsoft\Web Platform Installer\;C:\Program Files\Taurus\bin;C:\Program Files\dotnet\;C:\Program Files (x86)\Intel\OpenCL SDK\2.0\bin\x86;C:\Program Files (x86)\Intel\OpenCL SDK\2.0\bin\x64;C:\Python27\;C:\Python27\Scripts;C:\Users\akhanduri\.m2\repository\org\sikuli\sikuli-java\1.0.1\libs;D:\HELM\Sikuli\libs;C:\Users\akhanduri\AppData\Local\Microsoft\WindowsApps;C:\Users\akhanduri\AppData\Roaming\npm;;."/>
    <property name="java.vm.info" value="mixed mode"/>
    <property name="java.vendor" value="Oracle Corporation"/>
    <property name="java.vm.version" value="25.91-b15"/>
    <property name="java.ext.dirs" value="C:\Program Files\Java\jdk1.8.0_91\jre\lib\ext;C:\WINDOWS\Sun\Java\lib\ext"/>
    <property name="sun.io.unicode.encoding" value="UnicodeLittle"/>
    <property name="java.class.version" value="52.0"/>
  </properties>
  <testcase name="Given Open Browser and navigate to application URL(Scenario: Create New Estimate with Type Three " classname="Matter Details)" time="0.003"/>
  <testcase name="Given Verify user is at Login Page(Scenario: Create New Estimate with Type Three " classname="Matter Details)" time="0"/>
  <testcase name="When Enter username as &quot;Admin_User&quot;(Scenario: Create New Estimate with Type Three " classname="Matter Details)" time="0"/>
  <testcase name="And Enter password as &quot;Admin_Passowrd&quot;(Scenario: Create New Estimate with Type Three " classname="Matter Details)" time="0"/>
  <testcase name="And Click on login button(Scenario: Create New Estimate with Type Three " classname="Matter Details)" time="0"/>
  <testcase name="Then Verify user should Redirected to &quot;MatterMgtDash&quot; page(Scenario: Create New Estimate with Type Three " classname="Matter Details)" time="0"/>
  <testcase name="When Select &quot;Create an Estimate&quot; from LeftPan(Scenario: Create New Estimate with Type Three " classname="Matter Details)" time="0"/>
  <testcase name="And Click on &quot;FreshEstimateOpt&quot;(Scenario: Create New Estimate with Type Three " classname="Matter Details)" time="0"/>
  <testcase name="And Click on &quot;Next&quot;(Scenario: Create New Estimate with Type Three " classname="Matter Details)" time="0"/>
  <testcase name="Then Verify user should Redirected to &quot;CreateEstimatePage&quot; page(Scenario: Create New Estimate with Type Three " classname="Matter Details)" time="0"/>
  <testcase name="When Enter Estimate Name starting with below text(Scenario: Create New Estimate with Type Three " classname="Matter Details)" time="0"/>
  <testcase name="And Select Type of Budget as below(Scenario: Create New Estimate with Type Three " classname="Matter Details)" time="0"/>
  <testcase name="And Select Matter Type and Rate Type(Scenario: Create New Estimate with Type Three " classname="Matter Details)" time="0"/>
  <testcase name="And Type and select Client Name, Practice Group, Template and Currency(Scenario: Create New Estimate with Type Three " classname="Matter Details)" time="0"/>
  <testcase name="When Click on &quot;CreateNewEstimateBtn&quot;(Scenario: Create New Estimate with Type Three " classname="Matter Details)" time="0"/>
  <testcase name="And I verify the Fee Plan page(Scenario: Create New Estimate with Type Three " classname="Matter Details)" time="0"/>
  <testcase name="Then Verify Estimat created in DB(Scenario: Create New Estimate with Type Three " classname="Matter Details)" time="0"/>
  <testcase name="Then Close the browser(Scenario: Create New Estimate with Type Three " classname="Matter Details)" time="0"/>
  <testcase name="Scenario: Create New Estimate with Type Three " classname="Matter Details" time="0.015"/>
  <testcase name="Given Open Browser and navigate to application URL" classname="Scenario: Fee Plan,Cost Plan, Info, Third Party and What If Tabs" time="0"/>
  <testcase name="Given Verify user is at Login Page" classname="Scenario: Fee Plan,Cost Plan, Info, Third Party and What If Tabs" time="0"/>
  <testcase name="When Enter username as &quot;Admin_User&quot;" classname="Scenario: Fee Plan,Cost Plan, Info, Third Party and What If Tabs" time="0"/>
  <testcase name="And Enter password as &quot;Admin_Passowrd&quot;" classname="Scenario: Fee Plan,Cost Plan, Info, Third Party and What If Tabs" time="0"/>
  <testcase name="And Click on login button" classname="Scenario: Fee Plan,Cost Plan, Info, Third Party and What If Tabs" time="0"/>
  <testcase name="Then Verify user should Redirected to &quot;MatterMgtDash&quot; page" classname="Scenario: Fee Plan,Cost Plan, Info, Third Party and What If Tabs" time="0"/>
  <testcase name="Then Verify the created estimate at dashboard" classname="Scenario: Fee Plan,Cost Plan, Info, Third Party and What If Tabs" time="0"/>
  <testcase name="When Select &quot;My Estimates&quot; from LeftPan" classname="Scenario: Fee Plan,Cost Plan, Info, Third Party and What If Tabs" time="0"/>
  <testcase name="And Search for previously created Estimate" classname="Scenario: Fee Plan,Cost Plan, Info, Third Party and What If Tabs" time="0"/>
  <testcase name="And Click on view for the estimate" classname="Scenario: Fee Plan,Cost Plan, Info, Third Party and What If Tabs" time="0"/>
  <testcase name="When Expand the Task if Estimate is Type 3" classname="Scenario: Fee Plan,Cost Plan, Info, Third Party and What If Tabs" time="0"/>
  <testcase name="And Click on Add new record button for Fee Plan" classname="Scenario: Fee Plan,Cost Plan, Info, Third Party and What If Tabs" time="0"/>
  <testcase name="Then Verify the Activity field is required" classname="Scenario: Fee Plan,Cost Plan, Info, Third Party and What If Tabs" time="0"/>
  <testcase name="When Enter activity" classname="Scenario: Fee Plan,Cost Plan, Info, Third Party and What If Tabs" time="0"/>
  <testcase name="Then Validate start date and end date fields" classname="Scenario: Fee Plan,Cost Plan, Info, Third Party and What If Tabs" time="0"/>
  <testcase name="And Delete the Fee record" classname="Scenario: Fee Plan,Cost Plan, Info, Third Party and What If Tabs" time="0"/>
  <testcase name="When Add &quot;First Fee&quot; record with below values" classname="Scenario: Fee Plan,Cost Plan, Info, Third Party and What If Tabs" time="0"/>
  <testcase name="Then verify Standard rate and hourly budget for &quot;1st&quot; Fee Record" classname="Scenario: Fee Plan,Cost Plan, Info, Third Party and What If Tabs" time="0"/>
  <testcase name="When Add &quot;Second Fee&quot; record with below values" classname="Scenario: Fee Plan,Cost Plan, Info, Third Party and What If Tabs" time="0"/>
  <testcase name="Then verify Standard rate and hourly budget for &quot;2nd&quot; Fee Record" classname="Scenario: Fee Plan,Cost Plan, Info, Third Party and What If Tabs" time="0"/>
  <testcase name="And Click on &quot;Submit&quot; button" classname="Scenario: Fee Plan,Cost Plan, Info, Third Party and What If Tabs" time="0"/>
  <testcase name="And Click on &quot;Submit&quot; button" classname="Scenario: Fee Plan,Cost Plan, Info, Third Party and What If Tabs" time="0"/>
  <testcase name="And Click on &quot;Submit&quot; button" classname="Scenario: Fee Plan,Cost Plan, Info, Third Party and What If Tabs" time="0"/>
  <testcase name="And Click on &quot;Submit&quot; button" classname="Scenario: Fee Plan,Cost Plan, Info, Third Party and What If Tabs" time="0"/>
  <testcase name="And Click on &quot;Submit&quot; button" classname="Scenario: Fee Plan,Cost Plan, Info, Third Party and What If Tabs" time="0"/>
  <testcase name="When Switch to &quot;Cost Plan&quot; Tab" classname="Scenario: Fee Plan,Cost Plan, Info, Third Party and What If Tabs" time="0"/>
  <testcase name="And Add &quot;First Cost&quot; Cost record with below values" classname="Scenario: Fee Plan,Cost Plan, Info, Third Party and What If Tabs" time="0"/>
  <testcase name="And Verify Rate For Cost Code of &quot;1st&quot; cost record" classname="Scenario: Fee Plan,Cost Plan, Info, Third Party and What If Tabs" time="0"/>
  <testcase name="And Verify Amount of &quot;1st&quot; cost plan record" classname="Scenario: Fee Plan,Cost Plan, Info, Third Party and What If Tabs" time="0"/>
  <testcase name="When Add &quot;Second Cost&quot; Cost record with below values" classname="Scenario: Fee Plan,Cost Plan, Info, Third Party and What If Tabs" time="0"/>
  <testcase name="Then Verify Rate For Cost Code of &quot;2nd&quot; cost record" classname="Scenario: Fee Plan,Cost Plan, Info, Third Party and What If Tabs" time="0"/>
  <testcase name="And Verify Amount of &quot;2nd&quot; cost plan record" classname="Scenario: Fee Plan,Cost Plan, Info, Third Party and What If Tabs" time="0"/>
  <testcase name="When Switch to &quot;Info&quot; Tab" classname="Scenario: Fee Plan,Cost Plan, Info, Third Party and What If Tabs" time="0"/>
  <testcase name="And Verify Estimate and Client Info" classname="Scenario: Fee Plan,Cost Plan, Info, Third Party and What If Tabs" time="0"/>
  <testcase name="And Add &quot;1st Firm&quot; Firm Record with below values" classname="Scenario: Fee Plan,Cost Plan, Info, Third Party and What If Tabs" time="0"/>
  <testcase name="Then Verify Email and phone validation for &quot;1st Client&quot; with below details" classname="Scenario: Fee Plan,Cost Plan, Info, Third Party and What If Tabs" time="0"/>
  <testcase name="And Delete the &quot;1st Client&quot; row" classname="Scenario: Fee Plan,Cost Plan, Info, Third Party and What If Tabs" time="0"/>
  <testcase name="When &quot;1st Client&quot; Client Details as below" classname="Scenario: Fee Plan,Cost Plan, Info, Third Party and What If Tabs" time="0"/>
  <testcase name="When Switch to &quot;Third Party&quot; Tab" classname="Scenario: Fee Plan,Cost Plan, Info, Third Party and What If Tabs" time="0"/>
  <testcase name="Then Validate &quot;First TP&quot; Dates with below entries" classname="Scenario: Fee Plan,Cost Plan, Info, Third Party and What If Tabs" time="0.012">
    <failure message="Element Locator ://div[@id=&apos;toast-container&apos;]//div[contains(text(), &apos;Start Date should not be greater than End Date !&apos;)] Not found" type="java.lang.AssertionError">java.lang.AssertionError: Element Locator ://div[@id='toast-container']//div[contains(text(), 'Start Date should not be greater than End Date !')] Not found
</failure>
  </testcase>
  <testcase name="Scenario: Fee Plan,Cost Plan, Info, Third Party and What If Tabs" classname="Scenario: Fee Plan,Cost Plan, Info, Third Party and What If Tabs" time="0.012">
    <failure message="Element Locator ://div[@id=&apos;toast-container&apos;]//div[contains(text(), &apos;Start Date should not be greater than End Date !&apos;)] Not found" type="java.lang.AssertionError">java.lang.AssertionError: Element Locator ://div[@id='toast-container']//div[contains(text(), 'Start Date should not be greater than End Date !')] Not found
</failure>
  </testcase>
  <testcase name="Scenario: Fee Plan,Cost Plan, Info, Third Party and What If Tabs" classname="Scenario: Fee Plan,Cost Plan, Info, Third Party and What If Tabs" time="0">
    <error message="Session ID is null. Using WebDriver after calling quit()?&#10;Build info: version: &apos;3.12.0&apos;, revision: &apos;7c6e0b3&apos;, time: &apos;2018-05-08T14:04:26.12Z&apos;&#10;System info: host: &apos;HELM-LAP024&apos;, ip: &apos;10.1.60.20&apos;, os.name: &apos;Windows 10&apos;, os.arch: &apos;amd64&apos;, os.version: &apos;10.0&apos;, java.version: &apos;1.8.0_91&apos;&#10;Driver info: driver.version: RemoteWebDriver" type="org.openqa.selenium.NoSuchSessionException">org.openqa.selenium.NoSuchSessionException: 
Session ID is null. Using WebDriver after calling quit()?
Build info: version: '3.12.0', revision: '7c6e0b3', time: '2018-05-08T14:04:26.12Z'
System info: host: 'HELM-LAP024', ip: '10.1.60.20', os.name: 'Windows 10', os.arch: 'amd64', os.version: '10.0', java.version: '1.8.0_91'
Driver info: driver.version: RemoteWebDriver
</error>
    <system-out><![CDATA[Scenario Name Is: Fee Plan,Cost Plan, Info, Third Party and What If Tabs
]]></system-out>
  </testcase>
  <testcase name="Then Delete the Third Party record" classname="Scenario: Fee Plan,Cost Plan, Info, Third Party and What If Tabs" time="0"/>
  <testcase name="And Add &quot;First TP&quot; Third Party Record with below values" classname="Scenario: Fee Plan,Cost Plan, Info, Third Party and What If Tabs" time="0"/>
  <testcase name="And Verify Rate and Third Party Cost calculation for &quot;First TP&quot; row" classname="Scenario: Fee Plan,Cost Plan, Info, Third Party and What If Tabs" time="0"/>
  <testcase name="When Switch to &quot;What If&quot; Tab" classname="Scenario: Fee Plan,Cost Plan, Info, Third Party and What If Tabs" time="0"/>
  <testcase name="And click on copy and edit button on &quot;Current Budget&quot;" classname="Scenario: Fee Plan,Cost Plan, Info, Third Party and What If Tabs" time="0"/>
  <testcase name="Then Verify new What if added" classname="Scenario: Fee Plan,Cost Plan, Info, Third Party and What If Tabs" time="0"/>
  <testcase name="When Change resource, hours, Avg rate and Budget as below mentionedin new what if" classname="Scenario: Fee Plan,Cost Plan, Info, Third Party and What If Tabs" time="0"/>
  <testcase name="And Save the What If" classname="Scenario: Fee Plan,Cost Plan, Info, Third Party and What If Tabs" time="0"/>
  <testcase name="Then Verify that Total Budget and Budget Margin percentage updated correctly" classname="Scenario: Fee Plan,Cost Plan, Info, Third Party and What If Tabs" time="0"/>
  <testcase name="Then Calculate Hourly Fee Budget" classname="Scenario: Fee Plan,Cost Plan, Info, Third Party and What If Tabs" time="0"/>
  <testcase name="And Calculate Proposed Budget" classname="Scenario: Fee Plan,Cost Plan, Info, Third Party and What If Tabs" time="0"/>
  <testcase name="When Open Slider from bottom" classname="Scenario: Fee Plan,Cost Plan, Info, Third Party and What If Tabs" time="0"/>
  <testcase name="Then Match Calculated Hourly Fee Budget and Proposed Budget with Database" classname="Scenario: Fee Plan,Cost Plan, Info, Third Party and What If Tabs" time="0"/>
  <testcase name="Then Calculate Budget Profit and match with Database" classname="Scenario: Fee Plan,Cost Plan, Info, Third Party and What If Tabs" time="0"/>
  <testcase name="Then Calculate Budget Margin and match with Database" classname="Scenario: Fee Plan,Cost Plan, Info, Third Party and What If Tabs" time="0"/>
  <testcase name="And Hide the Slider from bottom" classname="Scenario: Fee Plan,Cost Plan, Info, Third Party and What If Tabs" time="0"/>
  <testcase name="Then Close the browser" classname="Scenario: Fee Plan,Cost Plan, Info, Third Party and What If Tabs" time="0"/>
  <testcase name="Given Open Browser and navigate to application URL" classname="Scenario: Check Budget Margin slider Color from Set Margin Threshold and validate in Estimate" time="0"/>
  <testcase name="Given Verify user is at Login Page" classname="Scenario: Check Budget Margin slider Color from Set Margin Threshold and validate in Estimate" time="0"/>
  <testcase name="When Enter username as &quot;Admin_User&quot;" classname="Scenario: Check Budget Margin slider Color from Set Margin Threshold and validate in Estimate" time="0"/>
  <testcase name="And Enter password as &quot;Admin_Passowrd&quot;" classname="Scenario: Check Budget Margin slider Color from Set Margin Threshold and validate in Estimate" time="0"/>
  <testcase name="And Click on login button" classname="Scenario: Check Budget Margin slider Color from Set Margin Threshold and validate in Estimate" time="0"/>
  <testcase name="Then Verify user should Redirected to &quot;MatterMgtDash&quot; page" classname="Scenario: Check Budget Margin slider Color from Set Margin Threshold and validate in Estimate" time="0"/>
  <testcase name="When Select &quot;Set Margins&quot; from LeftPan" classname="Scenario: Check Budget Margin slider Color from Set Margin Threshold and validate in Estimate" time="0"/>
  <testcase name="Then Verify Set Margin Threshold grid is opened" classname="Scenario: Check Budget Margin slider Color from Set Margin Threshold and validate in Estimate" time="0"/>
  <testcase name="And Get the Margin color values of Practice Group and if selected practice group is not mentioned then get it for Firm" classname="Scenario: Check Budget Margin slider Color from Set Margin Threshold and validate in Estimate" time="0"/>
  <testcase name="When Select &quot;My Estimates&quot; from LeftPan" classname="Scenario: Check Budget Margin slider Color from Set Margin Threshold and validate in Estimate" time="0"/>
  <testcase name="And Search for previously created Estimate" classname="Scenario: Check Budget Margin slider Color from Set Margin Threshold and validate in Estimate" time="0"/>
  <testcase name="And Click on view for the estimate" classname="Scenario: Check Budget Margin slider Color from Set Margin Threshold and validate in Estimate" time="0"/>
  <testcase name="When Open Slider from bottom" classname="Scenario: Check Budget Margin slider Color from Set Margin Threshold and validate in Estimate" time="0"/>
  <testcase name="Then Validate the slider bar color" classname="Scenario: Check Budget Margin slider Color from Set Margin Threshold and validate in Estimate" time="0"/>
  <testcase name="And Hide the Slider from bottom" classname="Scenario: Check Budget Margin slider Color from Set Margin Threshold and validate in Estimate" time="0"/>
  <testcase name="Then Close the browser" classname="Scenario: Check Budget Margin slider Color from Set Margin Threshold and validate in Estimate" time="0"/>
  <testcase name="Scenario: Check Budget Margin slider Color from Set Margin Threshold and validate in Estimate" classname="Scenario: Check Budget Margin slider Color from Set Margin Threshold and validate in Estimate" time="0"/>
</testsuite>